Arguments: 
  C:\Program Files\nodejs\node.exe C:\Users\busin\AppData\Roaming\npm\node_modules\yarn\bin\yarn.js dev

PATH: 
  C:\Windows\system32;C:\Windows;C:\Windows\System32\Wbem;C:\Windows\System32\WindowsPowerShell\v1.0\;C:\Windows\System32\OpenSSH\;C:\Program Files\nodejs\;C:\Program Files\Git\cmd;C:\Users\busin\AppData\Local\Microsoft\WindowsApps;C:\Users\busin\AppData\Local\Programs\Microsoft VS Code\bin;C:\Users\busin\AppData\Roaming\npm;C:\Users\busin\AppData\Local\Programs\oh-my-posh\bin;C:\ProgramData\busin\GitHubDesktop\bin

Yarn version: 
  1.22.18

Node version: 
  16.14.1

Platform: 
  win32 x64

Trace: 
  SyntaxError: H:\Code devlopment\fun\uranium\package.json: Unexpected token } in JSON at position 390
      at JSON.parse (<anonymous>)
      at C:\Users\busin\AppData\Roaming\npm\node_modules\yarn\lib\cli.js:1625:59
      at Generator.next (<anonymous>)
      at step (C:\Users\busin\AppData\Roaming\npm\node_modules\yarn\lib\cli.js:310:30)
      at C:\Users\busin\AppData\Roaming\npm\node_modules\yarn\lib\cli.js:321:13

npm manifest: 
  {
    "name": "src",
    "version": "1.0.0",
    "description": "Backend cohort for Thorium(feb-May)",
    "main": "index.js",
    "scripts": {
      "test": "echo \"Error: no test specified\" && exit 1",
      "dev":"nodemon . --exec \"node src/index.js\""
    },
    "author": "",
    "license": "ISC",
    "dependencies": {
      "body-parser": "^1.19.0",
      "cors": "^2.8.5",
      "express": "^4.17.1",
      
    }
  }

yarn manifest: 
  No manifest

Lockfile: 
  No lockfile
